2017-04-27 22:41:49,932 - __main__ - INFO - Login page has been found
2017-04-27 22:41:49,983 - __main__ - INFO - Using database Wincor 5.1 Test
2017-04-27 22:41:50,011 - __main__ - INFO - Username is set
2017-04-27 22:41:50,046 - __main__ - INFO - password is set
2017-04-27 22:41:52,199 - __main__ - INFO - Page title is kieranw / Wincor 5.1 Test / DLL Ver: 51.22.3 / Page Ver: 51.22.3
2017-04-27 22:41:52,457 - __main__ - INFO - Navigated to create page successfully
2017-04-27 22:47:06,248 - __main__ - INFO - Login page has been found
2017-04-27 22:47:06,288 - __main__ - INFO - Using database Wincor 5.1 Test
2017-04-27 22:47:27,425 - __main__ - INFO - Login page has been found
2017-04-27 22:47:27,464 - __main__ - INFO - Using database Wincor 5.1 Test
2017-04-27 22:47:27,495 - __main__ - INFO - Username is set
2017-04-27 22:47:27,525 - __main__ - INFO - password is set
2017-04-27 22:47:29,189 - __main__ - INFO - Page title is kieranw / Wincor 5.1 Test / DLL Ver: 51.22.3 / Page Ver: 51.22.3
2017-04-27 22:47:29,731 - __main__ - INFO - Navigated to create page successfully
2017-04-27 22:47:56,247 - __main__ - INFO - Login page has been found
2017-04-27 22:47:56,287 - __main__ - INFO - Using database Wincor 5.1 Test
2017-04-27 22:47:56,288 - __main__ - CRITICAL - Using test database
2017-04-27 22:47:56,316 - __main__ - INFO - Username is set
2017-04-27 22:47:56,347 - __main__ - INFO - password is set
2017-04-27 22:47:58,495 - __main__ - INFO - Page title is kieranw / Wincor 5.1 Test / DLL Ver: 51.22.3 / Page Ver: 51.22.3
2017-04-27 22:47:59,067 - __main__ - INFO - Navigated to create page successfully
