04/26/2017 09:06:26 PM Login page has been found
04/26/2017 09:06:26 PM Using database Wincor 5.1 Test
04/26/2017 09:06:26 PM Username is set
04/26/2017 09:06:26 PM password is set
04/26/2017 09:06:28 PM Page title is kieranw / Wincor 5.1 Test / DLL Ver: 51.22.3 / Page Ver: 51.22.3
04/26/2017 09:40:51 PM : Login page has been found
04/26/2017 09:40:51 PM : Using database Wincor 5.1 Test
04/26/2017 09:40:51 PM : Username is set
04/26/2017 09:40:51 PM : password is set
04/26/2017 09:40:55 PM : Page title is kieranw / Wincor 5.1 Test / DLL Ver: 51.22.3 / Page Ver: 51.22.3
04/26/2017 09:53:44 PM : Login page has been found
04/26/2017 09:53:44 PM : Using database Wincor 5.1 Test
04/26/2017 09:53:44 PM : Username is set
04/26/2017 09:53:44 PM : password is set
04/26/2017 09:53:49 PM : Page title is kieranw / Wincor 5.1 Test / DLL Ver: 51.22.3 / Page Ver: 51.22.3
04/26/2017 09:55:40 PM : Login page has been found
04/26/2017 09:55:40 PM : Using database Wincor 5.1 Test
04/26/2017 09:55:41 PM : Username is set
04/26/2017 09:55:41 PM : password is set
04/26/2017 09:55:46 PM : Page title is kieranw / Wincor 5.1 Test / DLL Ver: 51.22.3 / Page Ver: 51.22.3
04/26/2017 10:18:45 PM : Login page has been found
04/26/2017 10:18:45 PM : Using database Wincor 5.1 Test
04/26/2017 10:18:45 PM : Username is set
04/26/2017 10:18:45 PM : password is set
04/26/2017 10:18:48 PM : Page title is kieranw / Wincor 5.1 Test / DLL Ver: 51.22.3 / Page Ver: 51.22.3
04/26/2017 10:20:11 PM : Login page has been found
04/26/2017 10:20:11 PM : Using database Wincor 5.1 Test
04/26/2017 10:20:11 PM : Username is set
04/26/2017 10:20:11 PM : password is set
04/26/2017 10:20:13 PM : Page title is kieranw / Wincor 5.1 Test / DLL Ver: 51.22.3 / Page Ver: 51.22.3
04/26/2017 10:21:01 PM : Login page has been found
04/26/2017 10:21:01 PM : Using database Wincor 5.1 Test
04/26/2017 10:21:01 PM : Username is set
04/26/2017 10:21:01 PM : password is set
04/26/2017 10:21:03 PM : Page title is kieranw / Wincor 5.1 Test / DLL Ver: 51.22.3 / Page Ver: 51.22.3
04/26/2017 10:22:58 PM : Login page has been found
04/26/2017 10:22:58 PM : Using database Wincor 5.1 Test
04/26/2017 10:22:58 PM : Username is set
04/26/2017 10:22:58 PM : password is set
04/26/2017 10:23:00 PM : Page title is kieranw / Wincor 5.1 Test / DLL Ver: 51.22.3 / Page Ver: 51.22.3
04/26/2017 10:23:35 PM : Login page has been found
04/26/2017 10:23:36 PM : Using database Wincor 5.1 Test
04/26/2017 10:23:36 PM : Username is set
04/26/2017 10:23:36 PM : password is set
04/26/2017 10:23:39 PM : Page title is kieranw / Wincor 5.1 Test / DLL Ver: 51.22.3 / Page Ver: 51.22.3
04/26/2017 10:25:48 PM : Login page has been found
04/26/2017 10:25:48 PM : Using database Wincor 5.1 Test
04/26/2017 10:25:48 PM : Username is set
04/26/2017 10:25:48 PM : password is set
04/26/2017 10:25:50 PM : Page title is kieranw / Wincor 5.1 Test / DLL Ver: 51.22.3 / Page Ver: 51.22.3
04/26/2017 10:28:49 PM : Login page has been found
04/26/2017 10:28:49 PM : Using database Wincor 5.1 Test
04/26/2017 10:28:49 PM : Username is set
04/26/2017 10:28:49 PM : password is set
04/26/2017 10:28:50 PM : Page title is kieranw / Wincor 5.1 Test / DLL Ver: 51.22.3 / Page Ver: 51.22.3
04/26/2017 10:29:32 PM : Login page has been found
04/26/2017 10:29:32 PM : Using database Wincor 5.1 Test
04/26/2017 10:29:32 PM : Username is set
04/26/2017 10:29:32 PM : password is set
04/26/2017 10:29:34 PM : Page title is kieranw / Wincor 5.1 Test / DLL Ver: 51.22.3 / Page Ver: 51.22.3
04/26/2017 10:31:55 PM : Login page has been found
04/26/2017 10:31:55 PM : Using database Wincor 5.1 Test
04/26/2017 10:31:55 PM : Username is set
04/26/2017 10:31:55 PM : password is set
04/26/2017 10:31:57 PM : Page title is kieranw / Wincor 5.1 Test / DLL Ver: 51.22.3 / Page Ver: 51.22.3
04/26/2017 10:34:20 PM : Login page has been found
04/26/2017 10:34:20 PM : Using database Wincor 5.1 Test
04/26/2017 10:34:20 PM : Username is set
04/26/2017 10:34:20 PM : password is set
04/26/2017 10:34:24 PM : Page title is kieranw / Wincor 5.1 Test / DLL Ver: 51.22.3 / Page Ver: 51.22.3
04/26/2017 10:35:14 PM : Login page has been found
04/26/2017 10:35:14 PM : Using database Wincor 5.1 Test
04/26/2017 10:35:15 PM : Username is set
04/26/2017 10:35:15 PM : password is set
04/26/2017 10:35:16 PM : Page title is kieranw / Wincor 5.1 Test / DLL Ver: 51.22.3 / Page Ver: 51.22.3
04/26/2017 10:38:31 PM : Login page has been found
04/26/2017 10:38:31 PM : Using database Wincor 5.1 Test
04/26/2017 10:38:31 PM : Username is set
04/26/2017 10:38:31 PM : password is set
04/26/2017 10:38:33 PM : Page title is kieranw / Wincor 5.1 Test / DLL Ver: 51.22.3 / Page Ver: 51.22.3
04/26/2017 10:39:52 PM : Login page has been found
04/26/2017 10:39:52 PM : Using database Wincor 5.1 Test
04/26/2017 10:39:52 PM : Username is set
04/26/2017 10:39:52 PM : password is set
04/26/2017 10:39:54 PM : Page title is kieranw / Wincor 5.1 Test / DLL Ver: 51.22.3 / Page Ver: 51.22.3
04/26/2017 10:40:21 PM : Login page has been found
04/26/2017 10:40:21 PM : Using database Wincor 5.1 Test
04/26/2017 10:40:21 PM : Username is set
04/26/2017 10:40:21 PM : password is set
04/26/2017 10:40:22 PM : Page title is kieranw / Wincor 5.1 Test / DLL Ver: 51.22.3 / Page Ver: 51.22.3
04/26/2017 10:43:07 PM : Login page has been found
04/26/2017 10:43:07 PM : Using database Wincor 5.1 Test
04/26/2017 10:43:07 PM : Username is set
04/26/2017 10:43:07 PM : password is set
04/26/2017 10:43:09 PM : Page title is kieranw / Wincor 5.1 Test / DLL Ver: 51.22.3 / Page Ver: 51.22.3
04/26/2017 10:46:00 PM : Login page has been found
04/26/2017 10:46:00 PM : Using database Wincor 5.1 Test
04/26/2017 10:46:00 PM : Username is set
04/26/2017 10:46:00 PM : password is set
04/26/2017 10:46:02 PM : Page title is kieranw / Wincor 5.1 Test / DLL Ver: 51.22.3 / Page Ver: 51.22.3
04/26/2017 10:48:55 PM : Login page has been found
04/26/2017 10:48:55 PM : Using database Wincor 5.1 Test
04/26/2017 10:48:56 PM : Username is set
04/26/2017 10:48:56 PM : password is set
04/26/2017 10:48:57 PM : Page title is kieranw / Wincor 5.1 Test / DLL Ver: 51.22.3 / Page Ver: 51.22.3
04/26/2017 10:49:20 PM : Login page has been found
04/26/2017 10:49:20 PM : Using database Wincor 5.1 Test
04/26/2017 10:49:20 PM : Username is set
04/26/2017 10:49:20 PM : password is set
04/26/2017 10:49:21 PM : Page title is kieranw / Wincor 5.1 Test / DLL Ver: 51.22.3 / Page Ver: 51.22.3
04/26/2017 10:51:29 PM : Login page has been found
04/26/2017 10:51:29 PM : Using database Wincor 5.1 Test
04/26/2017 10:51:29 PM : Username is set
04/26/2017 10:51:29 PM : password is set
04/26/2017 10:51:30 PM : Page title is kieranw / Wincor 5.1 Test / DLL Ver: 51.22.3 / Page Ver: 51.22.3
04/26/2017 10:52:03 PM : Login page has been found
04/26/2017 10:52:03 PM : Using database Wincor 5.1 Test
04/26/2017 10:52:03 PM : Username is set
04/26/2017 10:52:03 PM : password is set
04/26/2017 10:52:05 PM : Page title is kieranw / Wincor 5.1 Test / DLL Ver: 51.22.3 / Page Ver: 51.22.3
04/27/2017 10:54:39 AM : Login page has been found
04/27/2017 10:54:39 AM : Using database Wincor 5.1 Test
04/27/2017 10:54:39 AM : Username is set
04/27/2017 10:54:39 AM : password is set
04/27/2017 10:54:40 AM : Page title is kieranw / Wincor 5.1 Test / DLL Ver: 51.22.3 / Page Ver: 51.22.3
04/27/2017 10:55:06 AM : Login page has been found
04/27/2017 10:55:06 AM : Using database Wincor 5.1 Test
04/27/2017 10:55:06 AM : Username is set
04/27/2017 10:55:06 AM : password is set
04/27/2017 10:55:09 AM : Page title is kieranw / Wincor 5.1 Test / DLL Ver: 51.22.3 / Page Ver: 51.22.3
04/27/2017 11:03:03 AM : Login page has been found
04/27/2017 11:03:03 AM : Using database Wincor 5.1 Test
04/27/2017 11:03:03 AM : Username is set
04/27/2017 11:03:03 AM : password is set
04/27/2017 11:03:06 AM : Page title is kieranw / Wincor 5.1 Test / DLL Ver: 51.22.3 / Page Ver: 51.22.3
04/27/2017 11:04:43 AM : Login page has been found
04/27/2017 11:04:43 AM : Using database Wincor 5.1 Test
04/27/2017 11:04:43 AM : Username is set
04/27/2017 11:04:43 AM : password is set
04/27/2017 11:04:44 AM : Page title is kieranw / Wincor 5.1 Test / DLL Ver: 51.22.3 / Page Ver: 51.22.3
04/27/2017 11:05:13 AM : Login page has been found
04/27/2017 11:05:13 AM : Using database Wincor 5.1 Test
04/27/2017 11:05:13 AM : Username is set
04/27/2017 11:05:13 AM : password is set
04/27/2017 11:05:15 AM : Page title is kieranw / Wincor 5.1 Test / DLL Ver: 51.22.3 / Page Ver: 51.22.3
04/27/2017 11:08:07 AM : Login page has been found
04/27/2017 11:08:08 AM : Using database Wincor 5.1 Test
04/27/2017 11:08:08 AM : Username is set
04/27/2017 11:08:08 AM : password is set
04/27/2017 11:08:10 AM : Page title is kieranw / Wincor 5.1 Test / DLL Ver: 51.22.3 / Page Ver: 51.22.3
04/27/2017 11:13:24 AM : Login page has been found
04/27/2017 11:13:24 AM : Using database Wincor 5.1 Test
04/27/2017 11:13:24 AM : Username is set
04/27/2017 11:13:24 AM : password is set
04/27/2017 11:13:28 AM : Page title is kieranw / Wincor 5.1 Test / DLL Ver: 51.22.3 / Page Ver: 51.22.3
04/27/2017 11:14:36 AM : Login page has been found
04/27/2017 11:14:36 AM : Using database Wincor 5.1 Test
04/27/2017 11:14:37 AM : Username is set
04/27/2017 11:14:37 AM : password is set
04/27/2017 11:14:38 AM : Page title is kieranw / Wincor 5.1 Test / DLL Ver: 51.22.3 / Page Ver: 51.22.3
04/27/2017 11:15:18 AM : Login page has been found
04/27/2017 11:15:18 AM : Using database Wincor 5.1 Test
04/27/2017 11:15:18 AM : Username is set
04/27/2017 11:15:18 AM : password is set
04/27/2017 11:15:20 AM : Page title is kieranw / Wincor 5.1 Test / DLL Ver: 51.22.3 / Page Ver: 51.22.3
04/27/2017 11:17:02 AM : Login page has been found
04/27/2017 11:17:02 AM : Using database Wincor 5.1 Test
04/27/2017 11:17:02 AM : Username is set
04/27/2017 11:17:02 AM : password is set
04/27/2017 11:17:04 AM : Page title is kieranw / Wincor 5.1 Test / DLL Ver: 51.22.3 / Page Ver: 51.22.3
04/27/2017 11:18:57 AM : Login page has been found
04/27/2017 11:18:57 AM : Using database Wincor 5.1 Test
04/27/2017 11:18:57 AM : Username is set
04/27/2017 11:18:57 AM : password is set
04/27/2017 11:18:58 AM : Page title is kieranw / Wincor 5.1 Test / DLL Ver: 51.22.3 / Page Ver: 51.22.3
04/27/2017 11:19:27 AM : Login page has been found
04/27/2017 11:19:27 AM : Using database Wincor 5.1 Test
04/27/2017 11:19:27 AM : Username is set
04/27/2017 11:19:27 AM : password is set
04/27/2017 11:19:31 AM : Page title is kieranw / Wincor 5.1 Test / DLL Ver: 51.22.3 / Page Ver: 51.22.3
04/27/2017 11:20:30 AM : Login page has been found
04/27/2017 11:20:30 AM : Using database Wincor 5.1 Test
04/27/2017 11:20:30 AM : Username is set
04/27/2017 11:20:30 AM : password is set
04/27/2017 11:20:32 AM : Page title is kieranw / Wincor 5.1 Test / DLL Ver: 51.22.3 / Page Ver: 51.22.3
04/27/2017 11:26:40 AM : Login page has been found
04/27/2017 11:26:40 AM : Using database Wincor 5.1 Test
04/27/2017 11:26:40 AM : Username is set
04/27/2017 11:26:40 AM : password is set
04/27/2017 11:26:42 AM : Page title is kieranw / Wincor 5.1 Test / DLL Ver: 51.22.3 / Page Ver: 51.22.3
04/27/2017 11:27:07 AM : Login page has been found
04/27/2017 11:27:07 AM : Using database Wincor 5.1 Test
04/27/2017 11:27:07 AM : Username is set
04/27/2017 11:27:07 AM : password is set
04/27/2017 11:27:10 AM : Page title is kieranw / Wincor 5.1 Test / DLL Ver: 51.22.3 / Page Ver: 51.22.3
04/27/2017 11:27:42 AM : Login page has been found
04/27/2017 11:27:42 AM : Using database Wincor 5.1 Test
04/27/2017 11:27:42 AM : Username is set
04/27/2017 11:27:42 AM : password is set
04/27/2017 11:27:44 AM : Page title is kieranw / Wincor 5.1 Test / DLL Ver: 51.22.3 / Page Ver: 51.22.3
04/27/2017 11:32:47 AM : Login page has been found
04/27/2017 11:32:47 AM : Using database Wincor 5.1 Test
04/27/2017 11:32:47 AM : Username is set
04/27/2017 11:32:47 AM : password is set
04/27/2017 11:32:48 AM : Page title is kieranw / Wincor 5.1 Test / DLL Ver: 51.22.3 / Page Ver: 51.22.3
04/27/2017 11:33:17 AM : Login page has been found
04/27/2017 11:33:17 AM : Using database Wincor 5.1 Test
04/27/2017 11:33:17 AM : Username is set
04/27/2017 11:33:17 AM : password is set
04/27/2017 11:33:19 AM : Page title is kieranw / Wincor 5.1 Test / DLL Ver: 51.22.3 / Page Ver: 51.22.3
04/27/2017 11:33:36 AM : Login page has been found
04/27/2017 11:33:36 AM : Using database Wincor 5.1 Test
04/27/2017 11:33:36 AM : Username is set
04/27/2017 11:33:36 AM : password is set
04/27/2017 11:33:37 AM : Page title is kieranw / Wincor 5.1 Test / DLL Ver: 51.22.3 / Page Ver: 51.22.3
04/27/2017 11:34:20 AM : Login page has been found
04/27/2017 11:34:20 AM : Using database Wincor 5.1 Test
04/27/2017 11:34:20 AM : Username is set
04/27/2017 11:34:20 AM : password is set
04/27/2017 11:34:22 AM : Page title is kieranw / Wincor 5.1 Test / DLL Ver: 51.22.3 / Page Ver: 51.22.3
04/27/2017 11:34:46 AM : Login page has been found
04/27/2017 11:34:46 AM : Using database Wincor 5.1 Test
04/27/2017 11:34:46 AM : Username is set
04/27/2017 11:34:46 AM : password is set
04/27/2017 11:34:47 AM : Page title is kieranw / Wincor 5.1 Test / DLL Ver: 51.22.3 / Page Ver: 51.22.3
04/27/2017 11:35:25 AM : Login page has been found
04/27/2017 11:35:25 AM : Using database Wincor 5.1 Test
04/27/2017 11:35:25 AM : Username is set
04/27/2017 11:35:25 AM : password is set
04/27/2017 11:35:27 AM : Page title is kieranw / Wincor 5.1 Test / DLL Ver: 51.22.3 / Page Ver: 51.22.3
04/27/2017 11:35:49 AM : Login page has been found
04/27/2017 11:35:50 AM : Using database Wincor 5.1 Test
04/27/2017 11:35:50 AM : Username is set
04/27/2017 11:35:50 AM : password is set
04/27/2017 11:35:51 AM : Page title is kieranw / Wincor 5.1 Test / DLL Ver: 51.22.3 / Page Ver: 51.22.3
04/27/2017 11:36:53 AM : Login page has been found
04/27/2017 11:36:53 AM : Using database Wincor 5.1 Test
04/27/2017 11:36:54 AM : Username is set
04/27/2017 11:36:54 AM : password is set
04/27/2017 11:36:55 AM : Page title is kieranw / Wincor 5.1 Test / DLL Ver: 51.22.3 / Page Ver: 51.22.3
04/27/2017 11:37:28 AM : Login page has been found
04/27/2017 11:37:28 AM : Using database Wincor 5.1 Test
04/27/2017 11:37:28 AM : Username is set
04/27/2017 11:37:29 AM : password is set
04/27/2017 11:37:31 AM : Page title is kieranw / Wincor 5.1 Test / DLL Ver: 51.22.3 / Page Ver: 51.22.3
04/27/2017 11:38:01 AM : Login page has been found
04/27/2017 11:38:01 AM : Using database Wincor 5.1 Test
04/27/2017 11:38:01 AM : Username is set
04/27/2017 11:38:01 AM : password is set
04/27/2017 11:38:03 AM : Page title is kieranw / Wincor 5.1 Test / DLL Ver: 51.22.3 / Page Ver: 51.22.3
04/27/2017 11:38:23 AM : Login page has been found
04/27/2017 11:38:23 AM : Using database Wincor 5.1 Test
04/27/2017 11:38:23 AM : Username is set
04/27/2017 11:38:23 AM : password is set
04/27/2017 11:38:25 AM : Page title is kieranw / Wincor 5.1 Test / DLL Ver: 51.22.3 / Page Ver: 51.22.3
04/27/2017 11:39:07 AM : Login page has been found
04/27/2017 11:39:07 AM : Using database Wincor 5.1 Test
04/27/2017 11:39:07 AM : Username is set
04/27/2017 11:39:07 AM : password is set
04/27/2017 11:39:08 AM : Page title is kieranw / Wincor 5.1 Test / DLL Ver: 51.22.3 / Page Ver: 51.22.3
04/27/2017 11:39:33 AM : Login page has been found
04/27/2017 11:39:33 AM : Using database Wincor 5.1 Test
04/27/2017 11:39:33 AM : Username is set
04/27/2017 11:39:33 AM : password is set
04/27/2017 11:39:35 AM : Page title is kieranw / Wincor 5.1 Test / DLL Ver: 51.22.3 / Page Ver: 51.22.3
04/27/2017 11:40:23 AM : Login page has been found
04/27/2017 11:40:23 AM : Using database Wincor 5.1 Test
04/27/2017 11:40:23 AM : Username is set
04/27/2017 11:40:23 AM : password is set
04/27/2017 11:40:24 AM : Page title is kieranw / Wincor 5.1 Test / DLL Ver: 51.22.3 / Page Ver: 51.22.3
04/27/2017 11:40:54 AM : Login page has been found
04/27/2017 11:40:54 AM : Using database Wincor 5.1 Test
04/27/2017 11:40:54 AM : Username is set
04/27/2017 11:40:54 AM : password is set
04/27/2017 11:40:55 AM : Page title is kieranw / Wincor 5.1 Test / DLL Ver: 51.22.3 / Page Ver: 51.22.3
04/27/2017 11:42:51 AM : Login page has been found
04/27/2017 11:42:51 AM : Using database Wincor 5.1 Test
04/27/2017 11:42:52 AM : Username is set
04/27/2017 11:42:52 AM : password is set
04/27/2017 11:42:53 AM : Page title is kieranw / Wincor 5.1 Test / DLL Ver: 51.22.3 / Page Ver: 51.22.3
04/27/2017 11:44:35 AM : Login page has been found
04/27/2017 11:44:35 AM : Using database Wincor 5.1 Test
04/27/2017 11:44:35 AM : Username is set
04/27/2017 11:44:35 AM : password is set
04/27/2017 11:44:37 AM : Page title is kieranw / Wincor 5.1 Test / DLL Ver: 51.22.3 / Page Ver: 51.22.3
04/27/2017 06:47:28 PM : Login page has been found
04/27/2017 06:47:28 PM : Using database Wincor 5.1 Test
04/27/2017 06:47:28 PM : Username is set
04/27/2017 06:47:28 PM : password is set
04/27/2017 06:47:29 PM : Page title is kieranw / Wincor 5.1 Test / DLL Ver: 51.22.3 / Page Ver: 51.22.3
04/27/2017 07:33:35 PM : Login page has been found
04/27/2017 07:33:35 PM : Using database Wincor 5.1 Test
04/27/2017 07:33:35 PM : Username is set
04/27/2017 07:33:35 PM : password is set
04/27/2017 07:33:35 PM : Page title is kieranw / Wincor 5.1 Test / DLL Ver: 51.22.3 / Page Ver: 51.22.3
04/27/2017 07:44:05 PM : Login page has been found
04/27/2017 07:44:05 PM : Using database Wincor 5.1 Test
04/27/2017 07:44:05 PM : Username is set
04/27/2017 07:44:05 PM : password is set
04/27/2017 07:44:07 PM : Page title is kieranw / Wincor 5.1 Test / DLL Ver: 51.22.3 / Page Ver: 51.22.3
04/27/2017 07:45:15 PM : Login page has been found
04/27/2017 07:45:15 PM : Using database Wincor 5.1 Test
04/27/2017 07:45:15 PM : Username is set
04/27/2017 07:45:15 PM : password is set
04/27/2017 07:45:17 PM : Page title is kieranw / Wincor 5.1 Test / DLL Ver: 51.22.3 / Page Ver: 51.22.3
04/27/2017 07:46:06 PM : Login page has been found
04/27/2017 07:46:06 PM : Using database Wincor 5.1 Test
04/27/2017 07:46:06 PM : Username is set
04/27/2017 07:46:06 PM : password is set
04/27/2017 07:46:09 PM : Page title is kieranw / Wincor 5.1 Test / DLL Ver: 51.22.3 / Page Ver: 51.22.3
04/27/2017 08:13:48 PM : Login page has been found
04/27/2017 08:13:48 PM : Using database Wincor 5.1 Test
04/27/2017 08:13:49 PM : Username is set
04/27/2017 08:13:49 PM : password is set
04/27/2017 08:13:49 PM : Page title is kieranw / Wincor 5.1 Test / DLL Ver: 51.22.3 / Page Ver: 51.22.3
04/27/2017 09:43:59 PM : Login page has been found
04/27/2017 09:43:59 PM : Using database Wincor 5.1 Test
04/27/2017 09:43:59 PM : Username is set
04/27/2017 09:43:59 PM : password is set
04/27/2017 09:44:00 PM : Page title is kieranw / Wincor 5.1 Test / DLL Ver: 51.22.3 / Page Ver: 51.22.3
04/27/2017 09:44:33 PM : Login page has been found
04/27/2017 09:44:33 PM : Using database Wincor 5.1 Test
04/27/2017 09:44:33 PM : Username is set
04/27/2017 09:44:33 PM : password is set
04/27/2017 09:44:35 PM : Page title is kieranw / Wincor 5.1 Test / DLL Ver: 51.22.3 / Page Ver: 51.22.3
04/27/2017 09:44:54 PM : Login page has been found
04/27/2017 09:44:54 PM : Using database Wincor 5.1 Test
04/27/2017 09:44:54 PM : Username is set
04/27/2017 09:44:54 PM : password is set
04/27/2017 09:44:56 PM : Page title is kieranw / Wincor 5.1 Test / DLL Ver: 51.22.3 / Page Ver: 51.22.3
04/27/2017 09:45:17 PM : Login page has been found
04/27/2017 09:45:17 PM : Using database Wincor 5.1 Test
04/27/2017 09:45:17 PM : Username is set
04/27/2017 09:45:17 PM : password is set
04/27/2017 09:45:19 PM : Page title is kieranw / Wincor 5.1 Test / DLL Ver: 51.22.3 / Page Ver: 51.22.3
04/27/2017 09:45:56 PM : Login page has been found
04/27/2017 09:45:56 PM : Using database Wincor 5.1 Test
04/27/2017 09:45:56 PM : Username is set
04/27/2017 09:45:56 PM : password is set
04/27/2017 09:46:01 PM : Page title is kieranw / Wincor 5.1 Test / DLL Ver: 51.22.3 / Page Ver: 51.22.3
04/27/2017 09:48:51 PM : Login page has been found
04/27/2017 09:48:51 PM : Using database Wincor 5.1 Test
04/27/2017 09:48:51 PM : Username is set
04/27/2017 09:48:51 PM : password is set
04/27/2017 09:48:53 PM : Page title is kieranw / Wincor 5.1 Test / DLL Ver: 51.22.3 / Page Ver: 51.22.3
04/27/2017 09:49:33 PM : Login page has been found
04/27/2017 09:49:33 PM : Using database Wincor 5.1 Test
04/27/2017 09:49:33 PM : Username is set
04/27/2017 09:49:33 PM : password is set
04/27/2017 09:49:36 PM : Page title is kieranw / Wincor 5.1 Test / DLL Ver: 51.22.3 / Page Ver: 51.22.3
04/27/2017 10:18:23 PM : Login page has been found
04/27/2017 10:18:23 PM : Using database Wincor 5.1 Test
04/27/2017 10:18:23 PM : Username is set
04/27/2017 10:18:23 PM : password is set
04/27/2017 10:18:26 PM : Page title is kieranw / Wincor 5.1 Test / DLL Ver: 51.22.3 / Page Ver: 51.22.3
